<?xml version="1.0" encoding="UTF-8"?>
<testsuites name="Mocha Tests" time="6.840" tests="1" failures="0">
  <testsuite name="Root Suite" timestamp="2022-11-09T13:17:39" tests="0" file="cypress\e2e\googlesearch.cy.js" time="0.000" failures="0">
  </testsuite>
  <testsuite name="Google search" timestamp="2022-11-09T13:17:39" tests="1" time="6.822" failures="0">
    <testcase name="Google search Open a google search" time="4.989" classname="Open a google search">
    </testcase>
  </testsuite>
</testsuites>